<?xml version="1.0" encoding="UTF-8"?>
<testsuite name="com.cg.customercontrollertest.TestGetPaymentHisory" tests="2" skipped="0" failures="0" errors="0" timestamp="2022-05-09T08:50:42" hostname="LAPTOP-G3H8M11H" time="0.03">
  <properties/>
  <testcase name="Get Payment History with invalid data" classname="com.cg.customercontrollertest.TestGetPaymentHisory" time="0.01"/>
  <testcase name="Get Payment History with valid data" classname="com.cg.customercontrollertest.TestGetPaymentHisory" time="0.017"/>
  <system-out><![CDATA[2022-05-09 14:20:42.314  INFO 12372 --- [    Test worker] .b.t.c.SpringBootTestContextBootstrapper : Neither @ContextConfiguration nor @ContextHierarchy found for test class [com.cg.customercontrollertest.TestGetPaymentHisory], using SpringBootContextLoader
2022-05-09 14:20:42.316  INFO 12372 --- [    Test worker] o.s.t.c.support.AbstractContextLoader    : Could not detect default resource locations for test class [com.cg.customercontrollertest.TestGetPaymentHisory]: no resource found for suffixes {-context.xml, Context.groovy}.
2022-05-09 14:20:42.317  INFO 12372 --- [    Test worker] t.c.s.AnnotationConfigContextLoaderUtils : Could not detect default configuration classes for test class [com.cg.customercontrollertest.TestGetPaymentHisory]: TestGetPaymentHisory does not declare any static, non-private, non-final, nested classes annotated with @Configuration.
2022-05-09 14:20:42.319  INFO 12372 --- [    Test worker] .b.t.c.SpringBootTestContextBootstrapper : Found @SpringBootConfiguration com.cg.CreditCardPaymentProjectLatestApplication for test class com.cg.customercontrollertest.TestGetPaymentHisory
2022-05-09 14:20:42.323  INFO 12372 --- [    Test worker] .b.t.c.SpringBootTestContextBootstrapper : Loaded default TestExecutionListener class names from location [META-INF/spring.factories]: [org.springframework.boot.test.autoconfigure.restdocs.RestDocsTestExecutionListener, org.springframework.boot.test.autoconfigure.web.client.MockRestServiceServerResetTestExecutionListener, org.springframework.boot.test.autoconfigure.web.servlet.MockMvcPrintOnlyOnFailureTestExecutionListener, org.springframework.boot.test.autoconfigure.web.servlet.WebDriverTestExecutionListener, org.springframework.boot.test.autoconfigure.webservices.client.MockWebServiceServerTestExecutionListener, org.springframework.boot.test.mock.mockito.MockitoTestExecutionListener, org.springframework.boot.test.mock.mockito.ResetMocksTestExecutionListener, org.springframework.test.context.web.ServletTestExecutionListener, org.springframework.test.context.support.DirtiesContextBeforeModesTestExecutionListener, org.springframework.test.context.event.ApplicationEventsTestExecutionListener, org.springframework.test.context.support.DependencyInjectionTestExecutionListener, org.springframework.test.context.support.DirtiesContextTestExecutionListener, org.springframework.test.context.transaction.TransactionalTestExecutionListener, org.springframework.test.context.jdbc.SqlScriptsTestExecutionListener, org.springframework.test.context.event.EventPublishingTestExecutionListener]
2022-05-09 14:20:42.324  INFO 12372 --- [    Test worker] .b.t.c.SpringBootTestContextBootstrapper : Using TestExecutionListeners: [org.springframework.test.context.web.ServletTestExecutionListener@a74c940, org.springframework.test.context.support.DirtiesContextBeforeModesTestExecutionListener@66576bd2, org.springframework.test.context.event.ApplicationEventsTestExecutionListener@51bc649e, org.springframework.boot.test.mock.mockito.MockitoTestExecutionListener@7f09ff10, org.springframework.boot.test.autoconfigure.SpringBootDependencyInjectionTestExecutionListener@531b1778, org.springframework.test.context.support.DirtiesContextTestExecutionListener@ecfff32, org.springframework.test.context.transaction.TransactionalTestExecutionListener@3c65f2e1, org.springframework.test.context.jdbc.SqlScriptsTestExecutionListener@c247b02, org.springframework.test.context.event.EventPublishingTestExecutionListener@78f1d29, org.springframework.boot.test.autoconfigure.restdocs.RestDocsTestExecutionListener@76c85485, org.springframework.boot.test.autoconfigure.web.client.MockRestServiceServerResetTestExecutionListener@65294247, org.springframework.boot.test.autoconfigure.web.servlet.MockMvcPrintOnlyOnFailureTestExecutionListener@4a7ac98b, org.springframework.boot.test.autoconfigure.web.servlet.WebDriverTestExecutionListener@35e3f3b8, org.springframework.boot.test.autoconfigure.webservices.client.MockWebServiceServerTestExecutionListener@13bf5fd, org.springframework.boot.test.mock.mockito.ResetMocksTestExecutionListener@2eafb4e7]
]]></system-out>
  <system-err><![CDATA[]]></system-err>
</testsuite>
