<?xml version="1.0" encoding="UTF-8"?>
<testsuite name="com.cg.admincontrollertest.TestAddCreditCard" tests="2" skipped="0" failures="0" errors="0" timestamp="2022-05-09T08:50:41" hostname="LAPTOP-G3H8M11H" time="0.395">
  <properties/>
  <testcase name="Add Credit card invalid data" classname="com.cg.admincontrollertest.TestAddCreditCard" time="0.354"/>
  <testcase name="Add Credit card valid data" classname="com.cg.admincontrollertest.TestAddCreditCard" time="0.037"/>
  <system-out><![CDATA[2022-05-09 14:20:40.935  INFO 12372 --- [    Test worker] .b.t.c.SpringBootTestContextBootstrapper : Neither @ContextConfiguration nor @ContextHierarchy found for test class [com.cg.admincontrollertest.TestAddCreditCard], using SpringBootContextLoader
2022-05-09 14:20:40.937  INFO 12372 --- [    Test worker] o.s.t.c.support.AbstractContextLoader    : Could not detect default resource locations for test class [com.cg.admincontrollertest.TestAddCreditCard]: no resource found for suffixes {-context.xml, Context.groovy}.
2022-05-09 14:20:40.938  INFO 12372 --- [    Test worker] t.c.s.AnnotationConfigContextLoaderUtils : Could not detect default configuration classes for test class [com.cg.admincontrollertest.TestAddCreditCard]: TestAddCreditCard does not declare any static, non-private, non-final, nested classes annotated with @Configuration.
2022-05-09 14:20:41.037  INFO 12372 --- [    Test worker] .b.t.c.SpringBootTestContextBootstrapper : Found @SpringBootConfiguration com.cg.CreditCardPaymentProjectLatestApplication for test class com.cg.admincontrollertest.TestAddCreditCard
2022-05-09 14:20:41.041  INFO 12372 --- [    Test worker] .b.t.c.SpringBootTestContextBootstrapper : Loaded default TestExecutionListener class names from location [META-INF/spring.factories]: [org.springframework.boot.test.autoconfigure.restdocs.RestDocsTestExecutionListener, org.springframework.boot.test.autoconfigure.web.client.MockRestServiceServerResetTestExecutionListener, org.springframework.boot.test.autoconfigure.web.servlet.MockMvcPrintOnlyOnFailureTestExecutionListener, org.springframework.boot.test.autoconfigure.web.servlet.WebDriverTestExecutionListener, org.springframework.boot.test.autoconfigure.webservices.client.MockWebServiceServerTestExecutionListener, org.springframework.boot.test.mock.mockito.MockitoTestExecutionListener, org.springframework.boot.test.mock.mockito.ResetMocksTestExecutionListener, org.springframework.test.context.web.ServletTestExecutionListener, org.springframework.test.context.support.DirtiesContextBeforeModesTestExecutionListener, org.springframework.test.context.event.ApplicationEventsTestExecutionListener, org.springframework.test.context.support.DependencyInjectionTestExecutionListener, org.springframework.test.context.support.DirtiesContextTestExecutionListener, org.springframework.test.context.transaction.TransactionalTestExecutionListener, org.springframework.test.context.jdbc.SqlScriptsTestExecutionListener, org.springframework.test.context.event.EventPublishingTestExecutionListener]
2022-05-09 14:20:41.042  INFO 12372 --- [    Test worker] .b.t.c.SpringBootTestContextBootstrapper : Using TestExecutionListeners: [org.springframework.test.context.web.ServletTestExecutionListener@77ad2767, org.springframework.test.context.support.DirtiesContextBeforeModesTestExecutionListener@e460ca1, org.springframework.test.context.event.ApplicationEventsTestExecutionListener@411ae0d7, org.springframework.boot.test.mock.mockito.MockitoTestExecutionListener@608c2042, org.springframework.boot.test.autoconfigure.SpringBootDependencyInjectionTestExecutionListener@7e84a52b, org.springframework.test.context.support.DirtiesContextTestExecutionListener@40199d5e, org.springframework.test.context.transaction.TransactionalTestExecutionListener@5693d1d2, org.springframework.test.context.jdbc.SqlScriptsTestExecutionListener@571c7572, org.springframework.test.context.event.EventPublishingTestExecutionListener@c6a3f47, org.springframework.boot.test.autoconfigure.restdocs.RestDocsTestExecutionListener@15a0f9, org.springframework.boot.test.autoconfigure.web.client.MockRestServiceServerResetTestExecutionListener@4840ec68, org.springframework.boot.test.autoconfigure.web.servlet.MockMvcPrintOnlyOnFailureTestExecutionListener@7cc3a7f7, org.springframework.boot.test.autoconfigure.web.servlet.WebDriverTestExecutionListener@210e2f2f, org.springframework.boot.test.autoconfigure.webservices.client.MockWebServiceServerTestExecutionListener@c31419f, org.springframework.boot.test.mock.mockito.ResetMocksTestExecutionListener@43dddfdd]
]]></system-out>
  <system-err><![CDATA[]]></system-err>
</testsuite>
