<?xml version="1.0" encoding="UTF-8"?>
<testsuite name="com.cg.admincontrollertest.TestAddStatement" tests="2" skipped="0" failures="0" errors="0" timestamp="2022-05-09T08:50:41" hostname="LAPTOP-G3H8M11H" time="0.023">
  <properties/>
  <testcase name="Add Statement with invalid data" classname="com.cg.admincontrollertest.TestAddStatement" time="0.009"/>
  <testcase name="Add Statement with valid data" classname="com.cg.admincontrollertest.TestAddStatement" time="0.011"/>
  <system-out><![CDATA[2022-05-09 14:20:41.845  INFO 12372 --- [    Test worker] .b.t.c.SpringBootTestContextBootstrapper : Neither @ContextConfiguration nor @ContextHierarchy found for test class [com.cg.admincontrollertest.TestAddStatement], using SpringBootContextLoader
2022-05-09 14:20:41.849  INFO 12372 --- [    Test worker] o.s.t.c.support.AbstractContextLoader    : Could not detect default resource locations for test class [com.cg.admincontrollertest.TestAddStatement]: no resource found for suffixes {-context.xml, Context.groovy}.
2022-05-09 14:20:41.850  INFO 12372 --- [    Test worker] t.c.s.AnnotationConfigContextLoaderUtils : Could not detect default configuration classes for test class [com.cg.admincontrollertest.TestAddStatement]: TestAddStatement does not declare any static, non-private, non-final, nested classes annotated with @Configuration.
2022-05-09 14:20:41.854  INFO 12372 --- [    Test worker] .b.t.c.SpringBootTestContextBootstrapper : Found @SpringBootConfiguration com.cg.CreditCardPaymentProjectLatestApplication for test class com.cg.admincontrollertest.TestAddStatement
2022-05-09 14:20:41.863  INFO 12372 --- [    Test worker] .b.t.c.SpringBootTestContextBootstrapper : Loaded default TestExecutionListener class names from location [META-INF/spring.factories]: [org.springframework.boot.test.autoconfigure.restdocs.RestDocsTestExecutionListener, org.springframework.boot.test.autoconfigure.web.client.MockRestServiceServerResetTestExecutionListener, org.springframework.boot.test.autoconfigure.web.servlet.MockMvcPrintOnlyOnFailureTestExecutionListener, org.springframework.boot.test.autoconfigure.web.servlet.WebDriverTestExecutionListener, org.springframework.boot.test.autoconfigure.webservices.client.MockWebServiceServerTestExecutionListener, org.springframework.boot.test.mock.mockito.MockitoTestExecutionListener, org.springframework.boot.test.mock.mockito.ResetMocksTestExecutionListener, org.springframework.test.context.web.ServletTestExecutionListener, org.springframework.test.context.support.DirtiesContextBeforeModesTestExecutionListener, org.springframework.test.context.event.ApplicationEventsTestExecutionListener, org.springframework.test.context.support.DependencyInjectionTestExecutionListener, org.springframework.test.context.support.DirtiesContextTestExecutionListener, org.springframework.test.context.transaction.TransactionalTestExecutionListener, org.springframework.test.context.jdbc.SqlScriptsTestExecutionListener, org.springframework.test.context.event.EventPublishingTestExecutionListener]
2022-05-09 14:20:41.867  INFO 12372 --- [    Test worker] .b.t.c.SpringBootTestContextBootstrapper : Using TestExecutionListeners: [org.springframework.test.context.web.ServletTestExecutionListener@31a80c88, org.springframework.test.context.support.DirtiesContextBeforeModesTestExecutionListener@7602c65d, org.springframework.test.context.event.ApplicationEventsTestExecutionListener@5a5c2889, org.springframework.boot.test.mock.mockito.MockitoTestExecutionListener@7668f8fd, org.springframework.boot.test.autoconfigure.SpringBootDependencyInjectionTestExecutionListener@75566f4, org.springframework.test.context.support.DirtiesContextTestExecutionListener@6785786d, org.springframework.test.context.transaction.TransactionalTestExecutionListener@5c261c74, org.springframework.test.context.jdbc.SqlScriptsTestExecutionListener@6d38a81d, org.springframework.test.context.event.EventPublishingTestExecutionListener@41f61188, org.springframework.boot.test.autoconfigure.restdocs.RestDocsTestExecutionListener@d7c4fcb, org.springframework.boot.test.autoconfigure.web.client.MockRestServiceServerResetTestExecutionListener@61d527ac, org.springframework.boot.test.autoconfigure.web.servlet.MockMvcPrintOnlyOnFailureTestExecutionListener@498503cb, org.springframework.boot.test.autoconfigure.web.servlet.WebDriverTestExecutionListener@380e3122, org.springframework.boot.test.autoconfigure.webservices.client.MockWebServiceServerTestExecutionListener@576323ff, org.springframework.boot.test.mock.mockito.ResetMocksTestExecutionListener@1fc386f8]
]]></system-out>
  <system-err><![CDATA[]]></system-err>
</testsuite>
