<?xml version="1.0" encoding="UTF-8"?>
<testsuite name="com.cg.admincontrollertest.TestRemoveCustomer" tests="2" skipped="0" failures="0" errors="0" timestamp="2022-05-09T08:50:42" hostname="LAPTOP-G3H8M11H" time="0.024">
  <properties/>
  <testcase name="Remove customer with invalid data" classname="com.cg.admincontrollertest.TestRemoveCustomer" time="0.013"/>
  <testcase name="Remove customer with valid data" classname="com.cg.admincontrollertest.TestRemoveCustomer" time="0.008"/>
  <system-out><![CDATA[2022-05-09 14:20:42.015  INFO 12372 --- [    Test worker] .b.t.c.SpringBootTestContextBootstrapper : Neither @ContextConfiguration nor @ContextHierarchy found for test class [com.cg.admincontrollertest.TestRemoveCustomer], using SpringBootContextLoader
2022-05-09 14:20:42.017  INFO 12372 --- [    Test worker] o.s.t.c.support.AbstractContextLoader    : Could not detect default resource locations for test class [com.cg.admincontrollertest.TestRemoveCustomer]: no resource found for suffixes {-context.xml, Context.groovy}.
2022-05-09 14:20:42.017  INFO 12372 --- [    Test worker] t.c.s.AnnotationConfigContextLoaderUtils : Could not detect default configuration classes for test class [com.cg.admincontrollertest.TestRemoveCustomer]: TestRemoveCustomer does not declare any static, non-private, non-final, nested classes annotated with @Configuration.
2022-05-09 14:20:42.019  INFO 12372 --- [    Test worker] .b.t.c.SpringBootTestContextBootstrapper : Found @SpringBootConfiguration com.cg.CreditCardPaymentProjectLatestApplication for test class com.cg.admincontrollertest.TestRemoveCustomer
2022-05-09 14:20:42.023  INFO 12372 --- [    Test worker] .b.t.c.SpringBootTestContextBootstrapper : Loaded default TestExecutionListener class names from location [META-INF/spring.factories]: [org.springframework.boot.test.autoconfigure.restdocs.RestDocsTestExecutionListener, org.springframework.boot.test.autoconfigure.web.client.MockRestServiceServerResetTestExecutionListener, org.springframework.boot.test.autoconfigure.web.servlet.MockMvcPrintOnlyOnFailureTestExecutionListener, org.springframework.boot.test.autoconfigure.web.servlet.WebDriverTestExecutionListener, org.springframework.boot.test.autoconfigure.webservices.client.MockWebServiceServerTestExecutionListener, org.springframework.boot.test.mock.mockito.MockitoTestExecutionListener, org.springframework.boot.test.mock.mockito.ResetMocksTestExecutionListener, org.springframework.test.context.web.ServletTestExecutionListener, org.springframework.test.context.support.DirtiesContextBeforeModesTestExecutionListener, org.springframework.test.context.event.ApplicationEventsTestExecutionListener, org.springframework.test.context.support.DependencyInjectionTestExecutionListener, org.springframework.test.context.support.DirtiesContextTestExecutionListener, org.springframework.test.context.transaction.TransactionalTestExecutionListener, org.springframework.test.context.jdbc.SqlScriptsTestExecutionListener, org.springframework.test.context.event.EventPublishingTestExecutionListener]
2022-05-09 14:20:42.024  INFO 12372 --- [    Test worker] .b.t.c.SpringBootTestContextBootstrapper : Using TestExecutionListeners: [org.springframework.test.context.web.ServletTestExecutionListener@50aa9a91, org.springframework.test.context.support.DirtiesContextBeforeModesTestExecutionListener@663e1144, org.springframework.test.context.event.ApplicationEventsTestExecutionListener@4efa7d2f, org.springframework.boot.test.mock.mockito.MockitoTestExecutionListener@24bba1b7, org.springframework.boot.test.autoconfigure.SpringBootDependencyInjectionTestExecutionListener@2041c9a3, org.springframework.test.context.support.DirtiesContextTestExecutionListener@36e358de, org.springframework.test.context.transaction.TransactionalTestExecutionListener@2bed5828, org.springframework.test.context.jdbc.SqlScriptsTestExecutionListener@52a2e2fb, org.springframework.test.context.event.EventPublishingTestExecutionListener@7c0035dd, org.springframework.boot.test.autoconfigure.restdocs.RestDocsTestExecutionListener@5089a72b, org.springframework.boot.test.autoconfigure.web.client.MockRestServiceServerResetTestExecutionListener@1164990a, org.springframework.boot.test.autoconfigure.web.servlet.MockMvcPrintOnlyOnFailureTestExecutionListener@549404e7, org.springframework.boot.test.autoconfigure.web.servlet.WebDriverTestExecutionListener@29c76d75, org.springframework.boot.test.autoconfigure.webservices.client.MockWebServiceServerTestExecutionListener@346a2799, org.springframework.boot.test.mock.mockito.ResetMocksTestExecutionListener@17344d7]
]]></system-out>
  <system-err><![CDATA[]]></system-err>
</testsuite>
