<?xml version="1.0" encoding="UTF-8"?>
<testsuite name="com.cg.CreditCardPaymentProjectLatestApplicationTests" tests="1" skipped="0" failures="0" errors="0" timestamp="2022-05-09T08:50:40" hostname="LAPTOP-G3H8M11H" time="0.356">
  <properties/>
  <testcase name="contextLoads()" classname="com.cg.CreditCardPaymentProjectLatestApplicationTests" time="0.356"/>
  <system-out><![CDATA[14:20:17.652 [Test worker] DEBUG org.springframework.test.context.BootstrapUtils - Instantiating CacheAwareContextLoaderDelegate from class [org.springframework.test.context.cache.DefaultCacheAwareContextLoaderDelegate]
14:20:17.670 [Test worker] DEBUG org.springframework.test.context.BootstrapUtils - Instantiating BootstrapContext using constructor [public org.springframework.test.context.support.DefaultBootstrapContext(java.lang.Class,org.springframework.test.context.CacheAwareContextLoaderDelegate)]
14:20:17.725 [Test worker] DEBUG org.springframework.test.context.BootstrapUtils - Instantiating TestContextBootstrapper for test class [com.cg.CreditCardPaymentProjectLatestApplicationTests] from class [org.springframework.boot.test.context.SpringBootTestContextBootstrapper]
14:20:17.744 [Test worker] INFO org.springframework.boot.test.context.SpringBootTestContextBootstrapper - Neither @ContextConfiguration nor @ContextHierarchy found for test class [com.cg.CreditCardPaymentProjectLatestApplicationTests], using SpringBootContextLoader
14:20:17.750 [Test worker] DEBUG org.springframework.test.context.support.AbstractContextLoader - Did not detect default resource location for test class [com.cg.CreditCardPaymentProjectLatestApplicationTests]: class path resource [com/cg/CreditCardPaymentProjectLatestApplicationTests-context.xml] does not exist
14:20:17.752 [Test worker] DEBUG org.springframework.test.context.support.AbstractContextLoader - Did not detect default resource location for test class [com.cg.CreditCardPaymentProjectLatestApplicationTests]: class path resource [com/cg/CreditCardPaymentProjectLatestApplicationTestsContext.groovy] does not exist
14:20:17.752 [Test worker] INFO org.springframework.test.context.support.AbstractContextLoader - Could not detect default resource locations for test class [com.cg.CreditCardPaymentProjectLatestApplicationTests]: no resource found for suffixes {-context.xml, Context.groovy}.
14:20:17.753 [Test worker] INFO org.springframework.test.context.support.AnnotationConfigContextLoaderUtils - Could not detect default configuration classes for test class [com.cg.CreditCardPaymentProjectLatestApplicationTests]: CreditCardPaymentProjectLatestApplicationTests does not declare any static, non-private, non-final, nested classes annotated with @Configuration.
14:20:17.851 [Test worker] DEBUG org.springframework.test.context.support.ActiveProfilesUtils - Could not find an 'annotation declaring class' for annotation type [org.springframework.test.context.ActiveProfiles] and class [com.cg.CreditCardPaymentProjectLatestApplicationTests]
14:20:17.989 [Test worker] DEBUG org.springframework.context.annotation.ClassPathScanningCandidateComponentProvider - Identified candidate component class: file [C:\Users\Legendary\Desktop\Training\Module 2\CreditCardPaymentProjectLatest\build\classes\java\main\com\cg\CreditCardPaymentProjectLatestApplication.class]
14:20:17.991 [Test worker] INFO org.springframework.boot.test.context.SpringBootTestContextBootstrapper - Found @SpringBootConfiguration com.cg.CreditCardPaymentProjectLatestApplication for test class com.cg.CreditCardPaymentProjectLatestApplicationTests
14:20:18.178 [Test worker] DEBUG org.springframework.boot.test.context.SpringBootTestContextBootstrapper - @TestExecutionListeners is not present for class [com.cg.CreditCardPaymentProjectLatestApplicationTests]: using defaults.
14:20:18.179 [Test worker] INFO org.springframework.boot.test.context.SpringBootTestContextBootstrapper - Loaded default TestExecutionListener class names from location [META-INF/spring.factories]: [org.springframework.boot.test.autoconfigure.restdocs.RestDocsTestExecutionListener, org.springframework.boot.test.autoconfigure.web.client.MockRestServiceServerResetTestExecutionListener, org.springframework.boot.test.autoconfigure.web.servlet.MockMvcPrintOnlyOnFailureTestExecutionListener, org.springframework.boot.test.autoconfigure.web.servlet.WebDriverTestExecutionListener, org.springframework.boot.test.autoconfigure.webservices.client.MockWebServiceServerTestExecutionListener, org.springframework.boot.test.mock.mockito.MockitoTestExecutionListener, org.springframework.boot.test.mock.mockito.ResetMocksTestExecutionListener, org.springframework.test.context.web.ServletTestExecutionListener, org.springframework.test.context.support.DirtiesContextBeforeModesTestExecutionListener, org.springframework.test.context.event.ApplicationEventsTestExecutionListener, org.springframework.test.context.support.DependencyInjectionTestExecutionListener, org.springframework.test.context.support.DirtiesContextTestExecutionListener, org.springframework.test.context.transaction.TransactionalTestExecutionListener, org.springframework.test.context.jdbc.SqlScriptsTestExecutionListener, org.springframework.test.context.event.EventPublishingTestExecutionListener]
14:20:18.217 [Test worker] INFO org.springframework.boot.test.context.SpringBootTestContextBootstrapper - Using TestExecutionListeners: [org.springframework.test.context.web.ServletTestExecutionListener@1c481ff2, org.springframework.test.context.support.DirtiesContextBeforeModesTestExecutionListener@72437d8d, org.springframework.test.context.event.ApplicationEventsTestExecutionListener@1b955cac, org.springframework.boot.test.mock.mockito.MockitoTestExecutionListener@676cf48, org.springframework.boot.test.autoconfigure.SpringBootDependencyInjectionTestExecutionListener@5a1de7fb, org.springframework.test.context.support.DirtiesContextTestExecutionListener@335b5620, org.springframework.test.context.transaction.TransactionalTestExecutionListener@29a0cdb, org.springframework.test.context.jdbc.SqlScriptsTestExecutionListener@32a68f4f, org.springframework.test.context.event.EventPublishingTestExecutionListener@73194df, org.springframework.boot.test.autoconfigure.restdocs.RestDocsTestExecutionListener@6eb2384f, org.springframework.boot.test.autoconfigure.web.client.MockRestServiceServerResetTestExecutionListener@3c9c0d96, org.springframework.boot.test.autoconfigure.web.servlet.MockMvcPrintOnlyOnFailureTestExecutionListener@3a4621bd, org.springframework.boot.test.autoconfigure.web.servlet.WebDriverTestExecutionListener@31dadd46, org.springframework.boot.test.autoconfigure.webservices.client.MockWebServiceServerTestExecutionListener@4ed5eb72, org.springframework.boot.test.mock.mockito.ResetMocksTestExecutionListener@12f9af83]
14:20:18.224 [Test worker] DEBUG org.springframework.test.context.support.AbstractDirtiesContextTestExecutionListener - Before test class: context [DefaultTestContext@42039326 testClass = CreditCardPaymentProjectLatestApplicationTests, testInstance = [null], testMethod = [null], testException = [null], mergedContextConfiguration = [WebMergedContextConfiguration@33308786 testClass = CreditCardPaymentProjectLatestApplicationTests, locations = '{}', classes = '{class com.cg.CreditCardPaymentProjectLatestApplication}', contextInitializerClasses = '[]', activeProfiles = '{}', propertySourceLocations = '{}', propertySourceProperties = '{org.springframework.boot.test.context.SpringBootTestContextBootstrapper=true}', contextCustomizers = set[org.springframework.boot.test.autoconfigure.actuate.metrics.MetricsExportContextCustomizerFactory$DisableMetricExportContextCustomizer@7fd50002, org.springframework.boot.test.autoconfigure.properties.PropertyMappingContextCustomizer@0, org.springframework.boot.test.autoconfigure.web.servlet.WebDriverContextCustomizerFactory$Customizer@673fdbce, org.springframework.boot.test.context.filter.ExcludeFilterContextCustomizer@6cb107fd, org.springframework.boot.test.json.DuplicateJsonObjectContextCustomizerFactory$DuplicateJsonObjectContextCustomizer@2ab4bc72, org.springframework.boot.test.mock.mockito.MockitoContextCustomizer@0, org.springframework.boot.test.web.client.TestRestTemplateContextCustomizer@790da477, org.springframework.boot.test.context.SpringBootTestArgs@1, org.springframework.boot.test.context.SpringBootTestWebEnvironment@6d2a209c], resourceBasePath = 'src/main/webapp', contextLoader = 'org.springframework.boot.test.context.SpringBootContextLoader', parent = [null]], attributes = map['org.springframework.test.context.web.ServletTestExecutionListener.activateListener' -> true]], class annotated with @DirtiesContext [false] with mode [null].

  .   ____          _            __ _ _
 /\\ / ___'_ __ _ _(_)_ __  __ _ \ \ \ \
( ( )\___ | '_ | '_| | '_ \/ _` | \ \ \ \
 \\/  ___)| |_)| | | | | || (_| |  ) ) ) )
  '  |____| .__|_| |_|_| |_\__, | / / / /
 =========|_|==============|___/=/_/_/_/
 :: Spring Boot ::                (v2.6.6)

2022-05-09 14:20:18.928  INFO 12372 --- [    Test worker] CardPaymentProjectLatestApplicationTests : Starting CreditCardPaymentProjectLatestApplicationTests using Java 1.8.0_271 on LAPTOP-G3H8M11H with PID 12372 (started by Legendary in C:\Users\Legendary\Desktop\Training\Module 2\CreditCardPaymentProjectLatest)
2022-05-09 14:20:18.931  INFO 12372 --- [    Test worker] CardPaymentProjectLatestApplicationTests : No active profile set, falling back to 1 default profile: "default"
2022-05-09 14:20:21.528  INFO 12372 --- [    Test worker] .s.d.r.c.RepositoryConfigurationDelegate : Bootstrapping Spring Data JPA repositories in DEFAULT mode.
2022-05-09 14:20:21.799  INFO 12372 --- [    Test worker] .s.d.r.c.RepositoryConfigurationDelegate : Finished Spring Data repository scanning in 251 ms. Found 8 JPA repository interfaces.
2022-05-09 14:20:24.078  INFO 12372 --- [    Test worker] o.hibernate.jpa.internal.util.LogHelper  : HHH000204: Processing PersistenceUnitInfo [name: default]
2022-05-09 14:20:24.184  INFO 12372 --- [    Test worker] org.hibernate.Version                    : HHH000412: Hibernate ORM core version 5.6.7.Final
2022-05-09 14:20:24.495  INFO 12372 --- [    Test worker] o.hibernate.annotations.common.Version   : HCANN000001: Hibernate Commons Annotations {5.1.2.Final}
2022-05-09 14:20:24.984  INFO 12372 --- [    Test worker] com.zaxxer.hikari.HikariDataSource       : HikariPool-1 - Starting...
2022-05-09 14:20:28.815  INFO 12372 --- [    Test worker] com.zaxxer.hikari.HikariDataSource       : HikariPool-1 - Start completed.
2022-05-09 14:20:28.850  INFO 12372 --- [    Test worker] org.hibernate.dialect.Dialect            : HHH000400: Using dialect: org.hibernate.dialect.PostgreSQLDialect
2022-05-09 14:20:34.667  INFO 12372 --- [    Test worker] o.h.e.t.j.p.i.JtaPlatformInitiator       : HHH000490: Using JtaPlatform implementation: [org.hibernate.engine.transaction.jta.platform.internal.NoJtaPlatform]
2022-05-09 14:20:34.682  INFO 12372 --- [    Test worker] j.LocalContainerEntityManagerFactoryBean : Initialized JPA EntityManagerFactory for persistence unit 'default'
2022-05-09 14:20:37.124  WARN 12372 --- [    Test worker] JpaBaseConfiguration$JpaWebConfiguration : spring.jpa.open-in-view is enabled by default. Therefore, database queries may be performed during view rendering. Explicitly configure spring.jpa.open-in-view to disable this warning
2022-05-09 14:20:37.859  INFO 12372 --- [    Test worker] pertySourcedRequestMappingHandlerMapping : Mapped URL path [/v2/api-docs] onto method [springfox.documentation.swagger2.web.Swagger2Controller#getDocumentation(String, HttpServletRequest)]
2022-05-09 14:20:39.455  INFO 12372 --- [    Test worker] d.s.w.p.DocumentationPluginsBootstrapper : Context refreshed
2022-05-09 14:20:39.530  INFO 12372 --- [    Test worker] d.s.w.p.DocumentationPluginsBootstrapper : Found 1 custom documentation plugin(s)
2022-05-09 14:20:39.602  INFO 12372 --- [    Test worker] s.d.s.w.s.ApiListingReferenceScanner     : Scanning for api listing references
2022-05-09 14:20:40.478  INFO 12372 --- [    Test worker] CardPaymentProjectLatestApplicationTests : Started CreditCardPaymentProjectLatestApplicationTests in 22.184 seconds (JVM running for 25.33)
]]></system-out>
  <system-err><![CDATA[]]></system-err>
</testsuite>
