<?xml version="1.0" encoding="UTF-8"?>
<testsuite name="com.cg.usercontrollortest.TestLogin" tests="3" skipped="0" failures="0" errors="0" timestamp="2022-05-09T08:50:42" hostname="LAPTOP-G3H8M11H" time="0.05">
  <properties/>
  <testcase name="Sign in with invalid data" classname="com.cg.usercontrollortest.TestLogin" time="0.012"/>
  <testcase name="Sign in with valid data" classname="com.cg.usercontrollortest.TestLogin" time="0.016"/>
  <testcase name="Sign out" classname="com.cg.usercontrollortest.TestLogin" time="0.016"/>
  <system-out><![CDATA[2022-05-09 14:20:42.943  INFO 12372 --- [    Test worker] .b.t.c.SpringBootTestContextBootstrapper : Neither @ContextConfiguration nor @ContextHierarchy found for test class [com.cg.usercontrollortest.TestLogin], using SpringBootContextLoader
2022-05-09 14:20:42.945  INFO 12372 --- [    Test worker] o.s.t.c.support.AbstractContextLoader    : Could not detect default resource locations for test class [com.cg.usercontrollortest.TestLogin]: no resource found for suffixes {-context.xml, Context.groovy}.
2022-05-09 14:20:42.945  INFO 12372 --- [    Test worker] t.c.s.AnnotationConfigContextLoaderUtils : Could not detect default configuration classes for test class [com.cg.usercontrollortest.TestLogin]: TestLogin does not declare any static, non-private, non-final, nested classes annotated with @Configuration.
2022-05-09 14:20:42.948  INFO 12372 --- [    Test worker] .b.t.c.SpringBootTestContextBootstrapper : Found @SpringBootConfiguration com.cg.CreditCardPaymentProjectLatestApplication for test class com.cg.usercontrollortest.TestLogin
2022-05-09 14:20:42.953  INFO 12372 --- [    Test worker] .b.t.c.SpringBootTestContextBootstrapper : Loaded default TestExecutionListener class names from location [META-INF/spring.factories]: [org.springframework.boot.test.autoconfigure.restdocs.RestDocsTestExecutionListener, org.springframework.boot.test.autoconfigure.web.client.MockRestServiceServerResetTestExecutionListener, org.springframework.boot.test.autoconfigure.web.servlet.MockMvcPrintOnlyOnFailureTestExecutionListener, org.springframework.boot.test.autoconfigure.web.servlet.WebDriverTestExecutionListener, org.springframework.boot.test.autoconfigure.webservices.client.MockWebServiceServerTestExecutionListener, org.springframework.boot.test.mock.mockito.MockitoTestExecutionListener, org.springframework.boot.test.mock.mockito.ResetMocksTestExecutionListener, org.springframework.test.context.web.ServletTestExecutionListener, org.springframework.test.context.support.DirtiesContextBeforeModesTestExecutionListener, org.springframework.test.context.event.ApplicationEventsTestExecutionListener, org.springframework.test.context.support.DependencyInjectionTestExecutionListener, org.springframework.test.context.support.DirtiesContextTestExecutionListener, org.springframework.test.context.transaction.TransactionalTestExecutionListener, org.springframework.test.context.jdbc.SqlScriptsTestExecutionListener, org.springframework.test.context.event.EventPublishingTestExecutionListener]
2022-05-09 14:20:42.954  INFO 12372 --- [    Test worker] .b.t.c.SpringBootTestContextBootstrapper : Using TestExecutionListeners: [org.springframework.test.context.web.ServletTestExecutionListener@5ace6611, org.springframework.test.context.support.DirtiesContextBeforeModesTestExecutionListener@7a689979, org.springframework.test.context.event.ApplicationEventsTestExecutionListener@164db8f0, org.springframework.boot.test.mock.mockito.MockitoTestExecutionListener@8a7cd7c, org.springframework.boot.test.autoconfigure.SpringBootDependencyInjectionTestExecutionListener@21f0cc97, org.springframework.test.context.support.DirtiesContextTestExecutionListener@1f6d3a81, org.springframework.test.context.transaction.TransactionalTestExecutionListener@641c8ba4, org.springframework.test.context.jdbc.SqlScriptsTestExecutionListener@52667676, org.springframework.test.context.event.EventPublishingTestExecutionListener@75559cd9, org.springframework.boot.test.autoconfigure.restdocs.RestDocsTestExecutionListener@39a09c0, org.springframework.boot.test.autoconfigure.web.client.MockRestServiceServerResetTestExecutionListener@3dbf3bc, org.springframework.boot.test.autoconfigure.web.servlet.MockMvcPrintOnlyOnFailureTestExecutionListener@626ff077, org.springframework.boot.test.autoconfigure.web.servlet.WebDriverTestExecutionListener@3b850bb7, org.springframework.boot.test.autoconfigure.webservices.client.MockWebServiceServerTestExecutionListener@6802c10e, org.springframework.boot.test.mock.mockito.ResetMocksTestExecutionListener@341889a1]
]]></system-out>
  <system-err><![CDATA[]]></system-err>
</testsuite>
