<?xml version="1.0" encoding="UTF-8"?>
<testsuite name="com.cg.customercontrollertest.TestMakeTransaction" tests="2" skipped="0" failures="0" errors="0" timestamp="2022-05-09T08:50:42" hostname="LAPTOP-G3H8M11H" time="0.024">
  <properties/>
  <testcase name="Make transaction with invalid data" classname="com.cg.customercontrollertest.TestMakeTransaction" time="0.011"/>
  <testcase name="Make transaction with valid data" classname="com.cg.customercontrollertest.TestMakeTransaction" time="0.011"/>
  <system-out><![CDATA[2022-05-09 14:20:42.639  INFO 12372 --- [    Test worker] .b.t.c.SpringBootTestContextBootstrapper : Neither @ContextConfiguration nor @ContextHierarchy found for test class [com.cg.customercontrollertest.TestMakeTransaction], using SpringBootContextLoader
2022-05-09 14:20:42.641  INFO 12372 --- [    Test worker] o.s.t.c.support.AbstractContextLoader    : Could not detect default resource locations for test class [com.cg.customercontrollertest.TestMakeTransaction]: no resource found for suffixes {-context.xml, Context.groovy}.
2022-05-09 14:20:42.642  INFO 12372 --- [    Test worker] t.c.s.AnnotationConfigContextLoaderUtils : Could not detect default configuration classes for test class [com.cg.customercontrollertest.TestMakeTransaction]: TestMakeTransaction does not declare any static, non-private, non-final, nested classes annotated with @Configuration.
2022-05-09 14:20:42.645  INFO 12372 --- [    Test worker] .b.t.c.SpringBootTestContextBootstrapper : Found @SpringBootConfiguration com.cg.CreditCardPaymentProjectLatestApplication for test class com.cg.customercontrollertest.TestMakeTransaction
2022-05-09 14:20:42.650  INFO 12372 --- [    Test worker] .b.t.c.SpringBootTestContextBootstrapper : Loaded default TestExecutionListener class names from location [META-INF/spring.factories]: [org.springframework.boot.test.autoconfigure.restdocs.RestDocsTestExecutionListener, org.springframework.boot.test.autoconfigure.web.client.MockRestServiceServerResetTestExecutionListener, org.springframework.boot.test.autoconfigure.web.servlet.MockMvcPrintOnlyOnFailureTestExecutionListener, org.springframework.boot.test.autoconfigure.web.servlet.WebDriverTestExecutionListener, org.springframework.boot.test.autoconfigure.webservices.client.MockWebServiceServerTestExecutionListener, org.springframework.boot.test.mock.mockito.MockitoTestExecutionListener, org.springframework.boot.test.mock.mockito.ResetMocksTestExecutionListener, org.springframework.test.context.web.ServletTestExecutionListener, org.springframework.test.context.support.DirtiesContextBeforeModesTestExecutionListener, org.springframework.test.context.event.ApplicationEventsTestExecutionListener, org.springframework.test.context.support.DependencyInjectionTestExecutionListener, org.springframework.test.context.support.DirtiesContextTestExecutionListener, org.springframework.test.context.transaction.TransactionalTestExecutionListener, org.springframework.test.context.jdbc.SqlScriptsTestExecutionListener, org.springframework.test.context.event.EventPublishingTestExecutionListener]
2022-05-09 14:20:42.651  INFO 12372 --- [    Test worker] .b.t.c.SpringBootTestContextBootstrapper : Using TestExecutionListeners: [org.springframework.test.context.web.ServletTestExecutionListener@6e80de85, org.springframework.test.context.support.DirtiesContextBeforeModesTestExecutionListener@173b24c4, org.springframework.test.context.event.ApplicationEventsTestExecutionListener@21084a6d, org.springframework.boot.test.mock.mockito.MockitoTestExecutionListener@c3114ea, org.springframework.boot.test.autoconfigure.SpringBootDependencyInjectionTestExecutionListener@642d971f, org.springframework.test.context.support.DirtiesContextTestExecutionListener@2afe825a, org.springframework.test.context.transaction.TransactionalTestExecutionListener@49c6ee4a, org.springframework.test.context.jdbc.SqlScriptsTestExecutionListener@4dd425dc, org.springframework.test.context.event.EventPublishingTestExecutionListener@4549d616, org.springframework.boot.test.autoconfigure.restdocs.RestDocsTestExecutionListener@1bfb60b7, org.springframework.boot.test.autoconfigure.web.client.MockRestServiceServerResetTestExecutionListener@65b1693c, org.springframework.boot.test.autoconfigure.web.servlet.MockMvcPrintOnlyOnFailureTestExecutionListener@9a74a93, org.springframework.boot.test.autoconfigure.web.servlet.WebDriverTestExecutionListener@255d4d7, org.springframework.boot.test.autoconfigure.webservices.client.MockWebServiceServerTestExecutionListener@426bf2f2, org.springframework.boot.test.mock.mockito.ResetMocksTestExecutionListener@2cfd9b0a]
]]></system-out>
  <system-err><![CDATA[]]></system-err>
</testsuite>
