<?xml version="1.0" encoding="UTF-8"?>
<testsuite name="com.cg.usercontrollortest.TestAddUser" tests="2" skipped="0" failures="0" errors="0" timestamp="2022-05-09T08:50:42" hostname="LAPTOP-G3H8M11H" time="0.034">
  <properties/>
  <testcase name="Adding Customer" classname="com.cg.usercontrollortest.TestAddUser" time="0.019"/>
  <testcase name="Adding admin" classname="com.cg.usercontrollortest.TestAddUser" time="0.013"/>
  <system-out><![CDATA[2022-05-09 14:20:42.733  INFO 12372 --- [    Test worker] .b.t.c.SpringBootTestContextBootstrapper : Neither @ContextConfiguration nor @ContextHierarchy found for test class [com.cg.usercontrollortest.TestAddUser], using SpringBootContextLoader
2022-05-09 14:20:42.736  INFO 12372 --- [    Test worker] o.s.t.c.support.AbstractContextLoader    : Could not detect default resource locations for test class [com.cg.usercontrollortest.TestAddUser]: no resource found for suffixes {-context.xml, Context.groovy}.
2022-05-09 14:20:42.736  INFO 12372 --- [    Test worker] t.c.s.AnnotationConfigContextLoaderUtils : Could not detect default configuration classes for test class [com.cg.usercontrollortest.TestAddUser]: TestAddUser does not declare any static, non-private, non-final, nested classes annotated with @Configuration.
2022-05-09 14:20:42.785  INFO 12372 --- [    Test worker] .b.t.c.SpringBootTestContextBootstrapper : Found @SpringBootConfiguration com.cg.CreditCardPaymentProjectLatestApplication for test class com.cg.usercontrollortest.TestAddUser
2022-05-09 14:20:42.789  INFO 12372 --- [    Test worker] .b.t.c.SpringBootTestContextBootstrapper : Loaded default TestExecutionListener class names from location [META-INF/spring.factories]: [org.springframework.boot.test.autoconfigure.restdocs.RestDocsTestExecutionListener, org.springframework.boot.test.autoconfigure.web.client.MockRestServiceServerResetTestExecutionListener, org.springframework.boot.test.autoconfigure.web.servlet.MockMvcPrintOnlyOnFailureTestExecutionListener, org.springframework.boot.test.autoconfigure.web.servlet.WebDriverTestExecutionListener, org.springframework.boot.test.autoconfigure.webservices.client.MockWebServiceServerTestExecutionListener, org.springframework.boot.test.mock.mockito.MockitoTestExecutionListener, org.springframework.boot.test.mock.mockito.ResetMocksTestExecutionListener, org.springframework.test.context.web.ServletTestExecutionListener, org.springframework.test.context.support.DirtiesContextBeforeModesTestExecutionListener, org.springframework.test.context.event.ApplicationEventsTestExecutionListener, org.springframework.test.context.support.DependencyInjectionTestExecutionListener, org.springframework.test.context.support.DirtiesContextTestExecutionListener, org.springframework.test.context.transaction.TransactionalTestExecutionListener, org.springframework.test.context.jdbc.SqlScriptsTestExecutionListener, org.springframework.test.context.event.EventPublishingTestExecutionListener]
2022-05-09 14:20:42.790  INFO 12372 --- [    Test worker] .b.t.c.SpringBootTestContextBootstrapper : Using TestExecutionListeners: [org.springframework.test.context.web.ServletTestExecutionListener@34588991, org.springframework.test.context.support.DirtiesContextBeforeModesTestExecutionListener@3d01b609, org.springframework.test.context.event.ApplicationEventsTestExecutionListener@38b7004d, org.springframework.boot.test.mock.mockito.MockitoTestExecutionListener@5e25085, org.springframework.boot.test.autoconfigure.SpringBootDependencyInjectionTestExecutionListener@758655a9, org.springframework.test.context.support.DirtiesContextTestExecutionListener@458704ee, org.springframework.test.context.transaction.TransactionalTestExecutionListener@45b2d17b, org.springframework.test.context.jdbc.SqlScriptsTestExecutionListener@5243d730, org.springframework.test.context.event.EventPublishingTestExecutionListener@15afebcc, org.springframework.boot.test.autoconfigure.restdocs.RestDocsTestExecutionListener@68722de3, org.springframework.boot.test.autoconfigure.web.client.MockRestServiceServerResetTestExecutionListener@3b18009f, org.springframework.boot.test.autoconfigure.web.servlet.MockMvcPrintOnlyOnFailureTestExecutionListener@77aeba9b, org.springframework.boot.test.autoconfigure.web.servlet.WebDriverTestExecutionListener@1db5de29, org.springframework.boot.test.autoconfigure.webservices.client.MockWebServiceServerTestExecutionListener@64d1f549, org.springframework.boot.test.mock.mockito.ResetMocksTestExecutionListener@1fb61db4]
]]></system-out>
  <system-err><![CDATA[]]></system-err>
</testsuite>
