<?xml version="1.0" encoding="UTF-8"?>
<testsuite name="com.cg.admincontrollertest.TestAddCustomer" tests="2" skipped="0" failures="0" errors="0" timestamp="2022-05-09T08:50:41" hostname="LAPTOP-G3H8M11H" time="0.032">
  <properties/>
  <testcase name="Add user with invalid data" classname="com.cg.admincontrollertest.TestAddCustomer" time="0.01"/>
  <testcase name="Add user with valid data" classname="com.cg.admincontrollertest.TestAddCustomer" time="0.018"/>
  <system-out><![CDATA[2022-05-09 14:20:41.737  INFO 12372 --- [    Test worker] .b.t.c.SpringBootTestContextBootstrapper : Neither @ContextConfiguration nor @ContextHierarchy found for test class [com.cg.admincontrollertest.TestAddCustomer], using SpringBootContextLoader
2022-05-09 14:20:41.739  INFO 12372 --- [    Test worker] o.s.t.c.support.AbstractContextLoader    : Could not detect default resource locations for test class [com.cg.admincontrollertest.TestAddCustomer]: no resource found for suffixes {-context.xml, Context.groovy}.
2022-05-09 14:20:41.740  INFO 12372 --- [    Test worker] t.c.s.AnnotationConfigContextLoaderUtils : Could not detect default configuration classes for test class [com.cg.admincontrollertest.TestAddCustomer]: TestAddCustomer does not declare any static, non-private, non-final, nested classes annotated with @Configuration.
2022-05-09 14:20:41.741  INFO 12372 --- [    Test worker] .b.t.c.SpringBootTestContextBootstrapper : Found @SpringBootConfiguration com.cg.CreditCardPaymentProjectLatestApplication for test class com.cg.admincontrollertest.TestAddCustomer
2022-05-09 14:20:41.745  INFO 12372 --- [    Test worker] .b.t.c.SpringBootTestContextBootstrapper : Loaded default TestExecutionListener class names from location [META-INF/spring.factories]: [org.springframework.boot.test.autoconfigure.restdocs.RestDocsTestExecutionListener, org.springframework.boot.test.autoconfigure.web.client.MockRestServiceServerResetTestExecutionListener, org.springframework.boot.test.autoconfigure.web.servlet.MockMvcPrintOnlyOnFailureTestExecutionListener, org.springframework.boot.test.autoconfigure.web.servlet.WebDriverTestExecutionListener, org.springframework.boot.test.autoconfigure.webservices.client.MockWebServiceServerTestExecutionListener, org.springframework.boot.test.mock.mockito.MockitoTestExecutionListener, org.springframework.boot.test.mock.mockito.ResetMocksTestExecutionListener, org.springframework.test.context.web.ServletTestExecutionListener, org.springframework.test.context.support.DirtiesContextBeforeModesTestExecutionListener, org.springframework.test.context.event.ApplicationEventsTestExecutionListener, org.springframework.test.context.support.DependencyInjectionTestExecutionListener, org.springframework.test.context.support.DirtiesContextTestExecutionListener, org.springframework.test.context.transaction.TransactionalTestExecutionListener, org.springframework.test.context.jdbc.SqlScriptsTestExecutionListener, org.springframework.test.context.event.EventPublishingTestExecutionListener]
2022-05-09 14:20:41.746  INFO 12372 --- [    Test worker] .b.t.c.SpringBootTestContextBootstrapper : Using TestExecutionListeners: [org.springframework.test.context.web.ServletTestExecutionListener@5c0f508b, org.springframework.test.context.support.DirtiesContextBeforeModesTestExecutionListener@7a2ffb0b, org.springframework.test.context.event.ApplicationEventsTestExecutionListener@13cae908, org.springframework.boot.test.mock.mockito.MockitoTestExecutionListener@43b74979, org.springframework.boot.test.autoconfigure.SpringBootDependencyInjectionTestExecutionListener@659ac28c, org.springframework.test.context.support.DirtiesContextTestExecutionListener@60688a97, org.springframework.test.context.transaction.TransactionalTestExecutionListener@242ebd3b, org.springframework.test.context.jdbc.SqlScriptsTestExecutionListener@5d2bc446, org.springframework.test.context.event.EventPublishingTestExecutionListener@6e96f3cd, org.springframework.boot.test.autoconfigure.restdocs.RestDocsTestExecutionListener@4a0ee0ba, org.springframework.boot.test.autoconfigure.web.client.MockRestServiceServerResetTestExecutionListener@1b984ba5, org.springframework.boot.test.autoconfigure.web.servlet.MockMvcPrintOnlyOnFailureTestExecutionListener@1812b564, org.springframework.boot.test.autoconfigure.web.servlet.WebDriverTestExecutionListener@41433530, org.springframework.boot.test.autoconfigure.webservices.client.MockWebServiceServerTestExecutionListener@7c751692, org.springframework.boot.test.mock.mockito.ResetMocksTestExecutionListener@2569afda]
]]></system-out>
  <system-err><![CDATA[]]></system-err>
</testsuite>
