<?xml version="1.0" encoding="UTF-8"?>
<testsuite name="com.cg.admincontrollertest.TestGetCustomer" tests="3" skipped="0" failures="0" errors="0" timestamp="2022-05-09T08:50:41" hostname="LAPTOP-G3H8M11H" time="0.071">
  <properties/>
  <testcase name="Get customer with valid data" classname="com.cg.admincontrollertest.TestGetCustomer" time="0.015"/>
  <testcase name="Get all customers with valid data" classname="com.cg.admincontrollertest.TestGetCustomer" time="0.034"/>
  <testcase name="Get customer with invalid data" classname="com.cg.admincontrollertest.TestGetCustomer" time="0.015"/>
  <system-out><![CDATA[2022-05-09 14:20:41.917  INFO 12372 --- [    Test worker] .b.t.c.SpringBootTestContextBootstrapper : Neither @ContextConfiguration nor @ContextHierarchy found for test class [com.cg.admincontrollertest.TestGetCustomer], using SpringBootContextLoader
2022-05-09 14:20:41.921  INFO 12372 --- [    Test worker] o.s.t.c.support.AbstractContextLoader    : Could not detect default resource locations for test class [com.cg.admincontrollertest.TestGetCustomer]: no resource found for suffixes {-context.xml, Context.groovy}.
2022-05-09 14:20:41.921  INFO 12372 --- [    Test worker] t.c.s.AnnotationConfigContextLoaderUtils : Could not detect default configuration classes for test class [com.cg.admincontrollertest.TestGetCustomer]: TestGetCustomer does not declare any static, non-private, non-final, nested classes annotated with @Configuration.
2022-05-09 14:20:41.923  INFO 12372 --- [    Test worker] .b.t.c.SpringBootTestContextBootstrapper : Found @SpringBootConfiguration com.cg.CreditCardPaymentProjectLatestApplication for test class com.cg.admincontrollertest.TestGetCustomer
2022-05-09 14:20:41.927  INFO 12372 --- [    Test worker] .b.t.c.SpringBootTestContextBootstrapper : Loaded default TestExecutionListener class names from location [META-INF/spring.factories]: [org.springframework.boot.test.autoconfigure.restdocs.RestDocsTestExecutionListener, org.springframework.boot.test.autoconfigure.web.client.MockRestServiceServerResetTestExecutionListener, org.springframework.boot.test.autoconfigure.web.servlet.MockMvcPrintOnlyOnFailureTestExecutionListener, org.springframework.boot.test.autoconfigure.web.servlet.WebDriverTestExecutionListener, org.springframework.boot.test.autoconfigure.webservices.client.MockWebServiceServerTestExecutionListener, org.springframework.boot.test.mock.mockito.MockitoTestExecutionListener, org.springframework.boot.test.mock.mockito.ResetMocksTestExecutionListener, org.springframework.test.context.web.ServletTestExecutionListener, org.springframework.test.context.support.DirtiesContextBeforeModesTestExecutionListener, org.springframework.test.context.event.ApplicationEventsTestExecutionListener, org.springframework.test.context.support.DependencyInjectionTestExecutionListener, org.springframework.test.context.support.DirtiesContextTestExecutionListener, org.springframework.test.context.transaction.TransactionalTestExecutionListener, org.springframework.test.context.jdbc.SqlScriptsTestExecutionListener, org.springframework.test.context.event.EventPublishingTestExecutionListener]
2022-05-09 14:20:41.928  INFO 12372 --- [    Test worker] .b.t.c.SpringBootTestContextBootstrapper : Using TestExecutionListeners: [org.springframework.test.context.web.ServletTestExecutionListener@18c26588, org.springframework.test.context.support.DirtiesContextBeforeModesTestExecutionListener@6167a456, org.springframework.test.context.event.ApplicationEventsTestExecutionListener@54eb2bf6, org.springframework.boot.test.mock.mockito.MockitoTestExecutionListener@6d01f2e5, org.springframework.boot.test.autoconfigure.SpringBootDependencyInjectionTestExecutionListener@66e434e8, org.springframework.test.context.support.DirtiesContextTestExecutionListener@3a7d6976, org.springframework.test.context.transaction.TransactionalTestExecutionListener@37c45154, org.springframework.test.context.jdbc.SqlScriptsTestExecutionListener@55300b93, org.springframework.test.context.event.EventPublishingTestExecutionListener@123426a9, org.springframework.boot.test.autoconfigure.restdocs.RestDocsTestExecutionListener@4353db40, org.springframework.boot.test.autoconfigure.web.client.MockRestServiceServerResetTestExecutionListener@56887c8f, org.springframework.boot.test.autoconfigure.web.servlet.MockMvcPrintOnlyOnFailureTestExecutionListener@3b1895e, org.springframework.boot.test.autoconfigure.web.servlet.WebDriverTestExecutionListener@3083e6ef, org.springframework.boot.test.autoconfigure.webservices.client.MockWebServiceServerTestExecutionListener@6d57b264, org.springframework.boot.test.mock.mockito.ResetMocksTestExecutionListener@782ed745]
]]></system-out>
  <system-err><![CDATA[]]></system-err>
</testsuite>
