<?xml version="1.0" encoding="UTF-8"?>
<testsuite name="com.cg.customercontrollertest.TestGetDueAmount" tests="2" skipped="0" failures="0" errors="0" timestamp="2022-05-09T08:50:42" hostname="LAPTOP-G3H8M11H" time="0.021">
  <properties/>
  <testcase name="Get Due Amount with valid data" classname="com.cg.customercontrollertest.TestGetDueAmount" time="0.009"/>
  <testcase name="Get Due Amount with invalid data" classname="com.cg.customercontrollertest.TestGetDueAmount" time="0.01"/>
  <system-out><![CDATA[2022-05-09 14:20:42.104  INFO 12372 --- [    Test worker] .b.t.c.SpringBootTestContextBootstrapper : Neither @ContextConfiguration nor @ContextHierarchy found for test class [com.cg.customercontrollertest.TestGetDueAmount], using SpringBootContextLoader
2022-05-09 14:20:42.107  INFO 12372 --- [    Test worker] o.s.t.c.support.AbstractContextLoader    : Could not detect default resource locations for test class [com.cg.customercontrollertest.TestGetDueAmount]: no resource found for suffixes {-context.xml, Context.groovy}.
2022-05-09 14:20:42.108  INFO 12372 --- [    Test worker] t.c.s.AnnotationConfigContextLoaderUtils : Could not detect default configuration classes for test class [com.cg.customercontrollertest.TestGetDueAmount]: TestGetDueAmount does not declare any static, non-private, non-final, nested classes annotated with @Configuration.
2022-05-09 14:20:42.232  INFO 12372 --- [    Test worker] .b.t.c.SpringBootTestContextBootstrapper : Found @SpringBootConfiguration com.cg.CreditCardPaymentProjectLatestApplication for test class com.cg.customercontrollertest.TestGetDueAmount
2022-05-09 14:20:42.234  INFO 12372 --- [    Test worker] .b.t.c.SpringBootTestContextBootstrapper : Loaded default TestExecutionListener class names from location [META-INF/spring.factories]: [org.springframework.boot.test.autoconfigure.restdocs.RestDocsTestExecutionListener, org.springframework.boot.test.autoconfigure.web.client.MockRestServiceServerResetTestExecutionListener, org.springframework.boot.test.autoconfigure.web.servlet.MockMvcPrintOnlyOnFailureTestExecutionListener, org.springframework.boot.test.autoconfigure.web.servlet.WebDriverTestExecutionListener, org.springframework.boot.test.autoconfigure.webservices.client.MockWebServiceServerTestExecutionListener, org.springframework.boot.test.mock.mockito.MockitoTestExecutionListener, org.springframework.boot.test.mock.mockito.ResetMocksTestExecutionListener, org.springframework.test.context.web.ServletTestExecutionListener, org.springframework.test.context.support.DirtiesContextBeforeModesTestExecutionListener, org.springframework.test.context.event.ApplicationEventsTestExecutionListener, org.springframework.test.context.support.DependencyInjectionTestExecutionListener, org.springframework.test.context.support.DirtiesContextTestExecutionListener, org.springframework.test.context.transaction.TransactionalTestExecutionListener, org.springframework.test.context.jdbc.SqlScriptsTestExecutionListener, org.springframework.test.context.event.EventPublishingTestExecutionListener]
2022-05-09 14:20:42.235  INFO 12372 --- [    Test worker] .b.t.c.SpringBootTestContextBootstrapper : Using TestExecutionListeners: [org.springframework.test.context.web.ServletTestExecutionListener@477e5b69, org.springframework.test.context.support.DirtiesContextBeforeModesTestExecutionListener@7da6d695, org.springframework.test.context.event.ApplicationEventsTestExecutionListener@74a991cf, org.springframework.boot.test.mock.mockito.MockitoTestExecutionListener@6097f225, org.springframework.boot.test.autoconfigure.SpringBootDependencyInjectionTestExecutionListener@5507584d, org.springframework.test.context.support.DirtiesContextTestExecutionListener@1e5e2e06, org.springframework.test.context.transaction.TransactionalTestExecutionListener@26c1f3eb, org.springframework.test.context.jdbc.SqlScriptsTestExecutionListener@79982bcc, org.springframework.test.context.event.EventPublishingTestExecutionListener@16b2d182, org.springframework.boot.test.autoconfigure.restdocs.RestDocsTestExecutionListener@79f3f34c, org.springframework.boot.test.autoconfigure.web.client.MockRestServiceServerResetTestExecutionListener@50841932, org.springframework.boot.test.autoconfigure.web.servlet.MockMvcPrintOnlyOnFailureTestExecutionListener@68fa8ea5, org.springframework.boot.test.autoconfigure.web.servlet.WebDriverTestExecutionListener@68c47cf9, org.springframework.boot.test.autoconfigure.webservices.client.MockWebServiceServerTestExecutionListener@ecb8b3e, org.springframework.boot.test.mock.mockito.ResetMocksTestExecutionListener@7e764e5c]
]]></system-out>
  <system-err><![CDATA[]]></system-err>
</testsuite>
